********************************************************************************
DUPLICATOR-LITE PACKAGE-LOG: July 31, 2019 12:20 am
NOTICE: Do NOT post to public sites or forums 
********************************************************************************
VERSION:	1.3.18
WORDPRESS:	5.2.2
PHP INFO:	7.3.7 | SAPI: apache2handler
SERVER:		Apache/2.4.38 (Debian) 
PHP TIME LIMIT: (0) no time limit imposed 
PHP MAX MEMORY: 4294967296 (128M default) 
MEMORY STACK: 4MB

********************************************************************************
DATABASE:
********************************************************************************
BUILD MODE:   PHP(query limit - 100)
MYSQLTIMEOUT: 5000
MYSQLDUMP:    Not Supported
TABLES: total:13 | filtered:0 | create:13
FILTERED: []
SQL CREATED: duplicator_package_ohiobarnflowerfarm_98a3176ca5ca31509372_20190731002005_database.sql
SQL FILE SIZE: 867.23KB (888045)
SQL FILE TIME: 2019-07-31 00:20:59
SQL RUNTIME: 0.34 sec.

********************************************************************************
ARCHIVE (ZIP):
********************************************************************************
ARCHIVE DIR:  /var/www/html
ARCHIVE FILE: duplicator_package_ohiobarnflowerfarm_98a3176ca5ca31509372_20190731002005_archive.zip
FILTERS: *OFF*
DIRS:
	not set
FILES:
	not set
EXTS:  not set
----------------------------------------
COMPRESSING
SIZE:	84.24MB
STATS:	Dirs 454 | Files 3,320
SQL ADDED: duplicator_package_ohiobarnflowerfarm_98a3176ca5ca31509372_20190731002005_database.sql
ZipArchive Object
(
    [status] => 0
    [statusSys] => 0
    [numFiles] => 3774
    [filename] => /var/www/html/wp-snapshots/tmp/duplicator_package_ohiobarnflowerfarm_98a3176ca5ca31509372_20190731002005_archive.zip
    [comment] => 
)

FILE ADDED TO ZIP: 3773
[PHP ERR][NOTICE] MSG:ob_flush(): failed to flush buffer. No buffer to flush [CODE:8|FILE:/var/www/html/wp-content/plugins/duplicator/classes/utilities/class.u.php|LINE:172]
COMPRESSION RESULT: '1'
COMPRESSED SIZE: 41.94MB
ARCHIVE RUNTIME: 29.33 sec.
MEMORY STACK: 4MB
building installer
add_extra_files1
add_extra_files2
add_extra_files3
add_extra_files4
Doing archive file check
add_extra_files5
add_extra_files6
add_extra_files8
Successfully opened zip /var/www/html/wp-snapshots/tmp/duplicator_package_ohiobarnflowerfarm_98a3176ca5ca31509372_20190731002005_archive.zip
Adding enhanced installer files to archive using ZipArchive
Installer files added to archive
Added to archive
After ziparchive close when adding installer

********************************************************************************
INTEGRITY CHECKS:
********************************************************************************
SQL FILE: 867.23KB
INSTALLER FILE: 59.39KB
ARCHIVE FILE: 43.25MB 
EXPECTED FILE/DIRECTORY COUNT: 3,774
ACTUAL FILE/DIRECTORY COUNT: 3,773
ARCHIVE CONSISTENCY TEST: Pass

********************************************************************************
RECORD ID:[1]
TOTAL PROCESS RUNTIME: 36.44 sec.
PEAK PHP MEMORY USED: 6MB
DONE PROCESSING => duplicator_package_ohiobarnflowerfarm July 31, 2019 12:21 am

