[INFO]-[2019/08/09 00:25:50] Cloning: staging's clone job's data is not in database, generating data
[INFO]-[2019/08/09 00:25:50] Cloning: staging's clone job's data is not in database, generating data
[INFO]-[2019/08/09 00:25:50] DB Copy: Creating table wpstg0_commentmeta
[INFO]-[2019/08/09 00:25:50] DB Copy: wp_commentmeta as wpstg0_commentmeta from 0 to 10000 records
[INFO]-[2019/08/09 00:25:50] DB Copy: Creating table wpstg0_commentmeta
[INFO]-[2019/08/09 00:25:50] DB Copy: wp_commentmeta as wpstg0_commentmeta from 0 to 10000 records
[INFO]-[2019/08/09 00:25:50] DB Copy: Creating table wpstg0_comments
[INFO]-[2019/08/09 00:25:50] DB Copy: wp_comments as wpstg0_comments from 0 to 10000 records
[INFO]-[2019/08/09 00:25:50] DB Copy: Creating table wpstg0_comments
[INFO]-[2019/08/09 00:25:50] DB Copy: wp_comments as wpstg0_comments from 0 to 10000 records
[INFO]-[2019/08/09 00:25:51] DB Copy: Creating table wpstg0_duplicator_packages
[INFO]-[2019/08/09 00:25:51] DB Copy: wp_duplicator_packages as wpstg0_duplicator_packages from 0 to 10000 records
[INFO]-[2019/08/09 00:25:51] DB Copy: Creating table wpstg0_duplicator_packages
[INFO]-[2019/08/09 00:25:51] DB Copy: wp_duplicator_packages as wpstg0_duplicator_packages from 0 to 10000 records
[INFO]-[2019/08/09 00:25:51] DB Copy: Creating table wpstg0_links
[INFO]-[2019/08/09 00:25:51] DB Copy: Creating table wpstg0_links
[INFO]-[2019/08/09 00:25:51] DB Copy: Creating table wpstg0_options
[INFO]-[2019/08/09 00:25:51] DB Copy: wp_options as wpstg0_options from 0 to 10000 records
[INFO]-[2019/08/09 00:25:51] DB Copy: Creating table wpstg0_options
[INFO]-[2019/08/09 00:25:51] DB Copy: wp_options as wpstg0_options from 0 to 10000 records
[INFO]-[2019/08/09 00:25:51] DB Copy: Creating table wpstg0_postmeta
[INFO]-[2019/08/09 00:25:51] DB Copy: wp_postmeta as wpstg0_postmeta from 0 to 10000 records
[INFO]-[2019/08/09 00:25:51] DB Copy: Creating table wpstg0_postmeta
[INFO]-[2019/08/09 00:25:51] DB Copy: wp_postmeta as wpstg0_postmeta from 0 to 10000 records
[INFO]-[2019/08/09 00:25:52] DB Copy: Creating table wpstg0_posts
[INFO]-[2019/08/09 00:25:52] DB Copy: wp_posts as wpstg0_posts from 0 to 10000 records
[INFO]-[2019/08/09 00:25:52] DB Copy: Creating table wpstg0_posts
[INFO]-[2019/08/09 00:25:52] DB Copy: wp_posts as wpstg0_posts from 0 to 10000 records
[INFO]-[2019/08/09 00:25:52] DB Copy: Creating table wpstg0_term_relationships
[INFO]-[2019/08/09 00:25:52] DB Copy: wp_term_relationships as wpstg0_term_relationships from 0 to 10000 records
[INFO]-[2019/08/09 00:25:52] DB Copy: Creating table wpstg0_term_relationships
[INFO]-[2019/08/09 00:25:52] DB Copy: wp_term_relationships as wpstg0_term_relationships from 0 to 10000 records
[INFO]-[2019/08/09 00:25:52] DB Copy: Creating table wpstg0_term_taxonomy
[INFO]-[2019/08/09 00:25:52] DB Copy: wp_term_taxonomy as wpstg0_term_taxonomy from 0 to 10000 records
[INFO]-[2019/08/09 00:25:52] DB Copy: Creating table wpstg0_term_taxonomy
[INFO]-[2019/08/09 00:25:52] DB Copy: wp_term_taxonomy as wpstg0_term_taxonomy from 0 to 10000 records
[INFO]-[2019/08/09 00:25:52] DB Copy: Creating table wpstg0_termmeta
[INFO]-[2019/08/09 00:25:52] DB Copy: Creating table wpstg0_termmeta
[INFO]-[2019/08/09 00:25:52] DB Copy: Creating table wpstg0_terms
[INFO]-[2019/08/09 00:25:52] DB Copy: wp_terms as wpstg0_terms from 0 to 10000 records
[INFO]-[2019/08/09 00:25:52] DB Copy: Creating table wpstg0_terms
[INFO]-[2019/08/09 00:25:52] DB Copy: wp_terms as wpstg0_terms from 0 to 10000 records
[INFO]-[2019/08/09 00:25:52] DB Copy: Creating table wpstg0_usermeta
[INFO]-[2019/08/09 00:25:52] DB Copy: wp_usermeta as wpstg0_usermeta from 0 to 10000 records
[INFO]-[2019/08/09 00:25:52] DB Copy: Creating table wpstg0_usermeta
[INFO]-[2019/08/09 00:25:52] DB Copy: wp_usermeta as wpstg0_usermeta from 0 to 10000 records
[INFO]-[2019/08/09 00:25:53] DB Copy: Creating table wpstg0_users
[INFO]-[2019/08/09 00:25:53] DB Copy: wp_users as wpstg0_users from 0 to 10000 records
[INFO]-[2019/08/09 00:25:53] DB Copy: Creating table wpstg0_users
[INFO]-[2019/08/09 00:25:53] DB Copy: wp_users as wpstg0_users from 0 to 10000 records
[]-[] 
[]-[] 
[INFO]-[2019/08/09 00:25:53] DB Processing:  Table wpstg0_commentmeta 0 to 5000 records
[INFO]-[2019/08/09 00:25:53] DB Processing:  Table wpstg0_commentmeta 0 to 5000 records
[INFO]-[2019/08/09 00:25:53] DB Processing:  Table wpstg0_comments 0 to 5000 records
[INFO]-[2019/08/09 00:25:53] DB Processing:  Table wpstg0_comments 0 to 5000 records
[INFO]-[2019/08/09 00:25:53] DB Processing:  Table wpstg0_duplicator_packages 0 to 5000 records
[INFO]-[2019/08/09 00:25:53] DB Processing:  Table wpstg0_duplicator_packages 0 to 5000 records
[]-[] 
[]-[] 
[INFO]-[2019/08/09 00:25:53] DB Processing:  Table wpstg0_options 0 to 5000 records
[INFO]-[2019/08/09 00:25:53] DB Processing:  Table wpstg0_options 0 to 5000 records
[INFO]-[2019/08/09 00:25:54] DB Processing:  Table wpstg0_postmeta 0 to 5000 records
[INFO]-[2019/08/09 00:25:54] DB Processing:  Table wpstg0_postmeta 0 to 5000 records
[INFO]-[2019/08/09 00:25:54] DB Processing:  Table wpstg0_posts 0 to 5000 records
[INFO]-[2019/08/09 00:25:54] DB Processing:  Table wpstg0_posts 0 to 5000 records
[INFO]-[2019/08/09 00:25:54] DB Processing:  Table wpstg0_term_relationships 0 to 5000 records
[INFO]-[2019/08/09 00:25:54] DB Processing:  Table wpstg0_term_relationships 0 to 5000 records
[INFO]-[2019/08/09 00:25:54] DB Processing:  Table wpstg0_term_taxonomy 0 to 5000 records
[INFO]-[2019/08/09 00:25:54] DB Processing:  Table wpstg0_term_taxonomy 0 to 5000 records
[]-[] 
[]-[] 
[INFO]-[2019/08/09 00:25:54] DB Processing:  Table wpstg0_terms 0 to 5000 records
[INFO]-[2019/08/09 00:25:54] DB Processing:  Table wpstg0_terms 0 to 5000 records
[INFO]-[2019/08/09 00:25:54] DB Processing:  Table wpstg0_usermeta 0 to 5000 records
[INFO]-[2019/08/09 00:25:54] DB Processing:  Table wpstg0_usermeta 0 to 5000 records
[INFO]-[2019/08/09 00:25:54] DB Processing:  Table wpstg0_users 0 to 5000 records
[INFO]-[2019/08/09 00:25:54] DB Processing:  Table wpstg0_users 0 to 5000 records
[]-[] 
[]-[] 
[INFO]-[2019/08/09 00:25:55] Scanning / for files
[INFO]-[2019/08/09 00:25:55] Scanning / for files
[INFO]-[2019/08/09 00:25:55] Scanning wp-content folder /var/www/html/wp-content
[INFO]-[2019/08/09 00:25:55] Scanning wp-content folder /var/www/html/wp-content
[INFO]-[2019/08/09 00:25:58] Scanning /wp-includes for its sub-directories and files
[INFO]-[2019/08/09 00:25:58] Scanning /wp-includes for its sub-directories and files
[INFO]-[2019/08/09 00:26:00] Scanning /wp-admin for its sub-directories and files
[INFO]-[2019/08/09 00:26:00] Scanning /wp-admin for its sub-directories and files
[INFO]-[2019/08/09 00:26:01] Copying files...
[INFO]-[2019/08/09 00:26:01] Total 50 files processed
[INFO]-[2019/08/09 00:26:01] Copying files...
[INFO]-[2019/08/09 00:26:01] Total 50 files processed
[INFO]-[2019/08/09 00:26:02] Total 100 files processed
[INFO]-[2019/08/09 00:26:02] Total 100 files processed
[INFO]-[2019/08/09 00:26:03] Total 150 files processed
[INFO]-[2019/08/09 00:26:03] Total 150 files processed
[INFO]-[2019/08/09 00:26:04] Total 200 files processed
[INFO]-[2019/08/09 00:26:04] Total 200 files processed
[INFO]-[2019/08/09 00:26:05] Total 250 files processed
[INFO]-[2019/08/09 00:26:05] Total 250 files processed
[INFO]-[2019/08/09 00:26:05] Total 300 files processed
[INFO]-[2019/08/09 00:26:05] Total 300 files processed
[INFO]-[2019/08/09 00:26:06] Total 350 files processed
[INFO]-[2019/08/09 00:26:06] Total 350 files processed
[INFO]-[2019/08/09 00:26:07] Total 400 files processed
[INFO]-[2019/08/09 00:26:07] Total 400 files processed
[INFO]-[2019/08/09 00:26:08] Total 450 files processed
[INFO]-[2019/08/09 00:26:08] Total 450 files processed
[INFO]-[2019/08/09 00:26:09] Total 500 files processed
[INFO]-[2019/08/09 00:26:09] Total 500 files processed
[INFO]-[2019/08/09 00:26:09] Total 550 files processed
[INFO]-[2019/08/09 00:26:09] Total 550 files processed
[INFO]-[2019/08/09 00:26:10] Total 600 files processed
[INFO]-[2019/08/09 00:26:10] Total 600 files processed
[INFO]-[2019/08/09 00:26:11] Total 650 files processed
[INFO]-[2019/08/09 00:26:11] Total 650 files processed
[INFO]-[2019/08/09 00:26:12] Total 700 files processed
[INFO]-[2019/08/09 00:26:12] Total 700 files processed
[INFO]-[2019/08/09 00:26:12] Total 750 files processed
[INFO]-[2019/08/09 00:26:12] Total 750 files processed
[INFO]-[2019/08/09 00:26:13] Total 800 files processed
[INFO]-[2019/08/09 00:26:13] Total 800 files processed
[INFO]-[2019/08/09 00:26:14] Total 850 files processed
[INFO]-[2019/08/09 00:26:14] Total 850 files processed
[INFO]-[2019/08/09 00:26:15] Total 900 files processed
[INFO]-[2019/08/09 00:26:15] Total 900 files processed
[INFO]-[2019/08/09 00:26:15] Total 950 files processed
[INFO]-[2019/08/09 00:26:15] Total 950 files processed
[INFO]-[2019/08/09 00:26:16] Total 1000 files processed
[INFO]-[2019/08/09 00:26:16] Total 1000 files processed
[INFO]-[2019/08/09 00:26:17] Total 1050 files processed
[INFO]-[2019/08/09 00:26:17] Total 1050 files processed
[INFO]-[2019/08/09 00:26:17] Total 1100 files processed
[INFO]-[2019/08/09 00:26:17] Total 1100 files processed
[INFO]-[2019/08/09 00:26:18] Total 1150 files processed
[INFO]-[2019/08/09 00:26:18] Total 1150 files processed
[INFO]-[2019/08/09 00:26:19] Total 1200 files processed
[INFO]-[2019/08/09 00:26:19] Total 1200 files processed
[INFO]-[2019/08/09 00:26:20] Total 1250 files processed
[INFO]-[2019/08/09 00:26:20] Total 1250 files processed
[INFO]-[2019/08/09 00:26:21] Total 1300 files processed
[INFO]-[2019/08/09 00:26:21] Total 1300 files processed
[INFO]-[2019/08/09 00:26:22] Total 1350 files processed
[INFO]-[2019/08/09 00:26:22] Total 1350 files processed
[INFO]-[2019/08/09 00:26:22] Total 1400 files processed
[INFO]-[2019/08/09 00:26:22] Total 1400 files processed
[INFO]-[2019/08/09 00:26:23] Total 1450 files processed
[INFO]-[2019/08/09 00:26:23] Total 1450 files processed
[INFO]-[2019/08/09 00:26:24] Total 1500 files processed
[INFO]-[2019/08/09 00:26:24] Total 1500 files processed
[INFO]-[2019/08/09 00:26:24] Total 1550 files processed
[INFO]-[2019/08/09 00:26:24] Total 1550 files processed
[INFO]-[2019/08/09 00:26:25] Total 1600 files processed
[INFO]-[2019/08/09 00:26:25] Total 1600 files processed
[INFO]-[2019/08/09 00:26:26] Total 1650 files processed
[INFO]-[2019/08/09 00:26:26] Total 1650 files processed
[INFO]-[2019/08/09 00:26:27] Total 1700 files processed
[INFO]-[2019/08/09 00:26:27] Total 1700 files processed
[INFO]-[2019/08/09 00:26:28] Total 1750 files processed
[INFO]-[2019/08/09 00:26:28] Total 1750 files processed
[INFO]-[2019/08/09 00:26:28] Total 1800 files processed
[INFO]-[2019/08/09 00:26:28] Total 1800 files processed
[INFO]-[2019/08/09 00:26:29] Total 1850 files processed
[INFO]-[2019/08/09 00:26:29] Total 1850 files processed
[INFO]-[2019/08/09 00:26:30] Total 1900 files processed
[INFO]-[2019/08/09 00:26:30] Total 1900 files processed
[INFO]-[2019/08/09 00:26:31] Total 1950 files processed
[INFO]-[2019/08/09 00:26:31] Total 1950 files processed
[INFO]-[2019/08/09 00:26:31] Total 2000 files processed
[INFO]-[2019/08/09 00:26:31] Total 2000 files processed
[INFO]-[2019/08/09 00:26:32] Total 2050 files processed
[INFO]-[2019/08/09 00:26:32] Total 2050 files processed
[INFO]-[2019/08/09 00:26:33] Total 2100 files processed
[INFO]-[2019/08/09 00:26:33] Total 2100 files processed
[INFO]-[2019/08/09 00:26:33] Total 2150 files processed
[INFO]-[2019/08/09 00:26:33] Total 2150 files processed
[INFO]-[2019/08/09 00:26:34] Total 2200 files processed
[INFO]-[2019/08/09 00:26:34] Total 2200 files processed
[INFO]-[2019/08/09 00:26:35] Total 2250 files processed
[INFO]-[2019/08/09 00:26:35] Total 2250 files processed
[INFO]-[2019/08/09 00:26:36] Total 2300 files processed
[INFO]-[2019/08/09 00:26:36] Total 2300 files processed
[INFO]-[2019/08/09 00:26:36] Total 2350 files processed
[INFO]-[2019/08/09 00:26:36] Total 2350 files processed
[INFO]-[2019/08/09 00:26:37] Total 2400 files processed
[INFO]-[2019/08/09 00:26:37] Total 2400 files processed
[INFO]-[2019/08/09 00:26:38] Total 2450 files processed
[INFO]-[2019/08/09 00:26:38] Total 2450 files processed
[INFO]-[2019/08/09 00:26:39] Total 2500 files processed
[INFO]-[2019/08/09 00:26:39] Total 2500 files processed
[INFO]-[2019/08/09 00:26:40] Total 2550 files processed
[INFO]-[2019/08/09 00:26:40] Total 2550 files processed
[INFO]-[2019/08/09 00:26:41] Total 2600 files processed
[INFO]-[2019/08/09 00:26:41] Total 2600 files processed
[INFO]-[2019/08/09 00:26:42] Total 2650 files processed
[INFO]-[2019/08/09 00:26:42] Total 2650 files processed
[INFO]-[2019/08/09 00:26:43] Total 2700 files processed
[INFO]-[2019/08/09 00:26:43] Total 2700 files processed
[INFO]-[2019/08/09 00:26:44] Total 2750 files processed
[INFO]-[2019/08/09 00:26:44] Total 2750 files processed
[INFO]-[2019/08/09 00:26:45] Total 2800 files processed
[INFO]-[2019/08/09 00:26:45] Total 2800 files processed
[INFO]-[2019/08/09 00:26:46] Total 2850 files processed
[INFO]-[2019/08/09 00:26:46] Total 2850 files processed
[INFO]-[2019/08/09 00:26:46] Total 2900 files processed
[INFO]-[2019/08/09 00:26:46] Total 2900 files processed
[INFO]-[2019/08/09 00:26:47] Total 2950 files processed
[INFO]-[2019/08/09 00:26:47] Total 2950 files processed
[INFO]-[2019/08/09 00:26:48] Total 3000 files processed
[INFO]-[2019/08/09 00:26:48] Total 3000 files processed
[INFO]-[2019/08/09 00:26:48] Total 3050 files processed
[INFO]-[2019/08/09 00:26:48] Total 3050 files processed
[INFO]-[2019/08/09 00:26:49] Total 3100 files processed
[INFO]-[2019/08/09 00:26:49] Total 3100 files processed
[INFO]-[2019/08/09 00:26:50] Total 3150 files processed
[INFO]-[2019/08/09 00:26:50] Total 3150 files processed
[INFO]-[2019/08/09 00:26:50] Total 3200 files processed
[INFO]-[2019/08/09 00:26:50] Total 3200 files processed
[INFO]-[2019/08/09 00:26:51] Total 3250 files processed
[INFO]-[2019/08/09 00:26:51] Total 3250 files processed
[INFO]-[2019/08/09 00:26:52] Total 3300 files processed
[INFO]-[2019/08/09 00:26:52] Total 3300 files processed
[INFO]-[2019/08/09 00:26:52] Total 3350 files processed
[INFO]-[2019/08/09 00:26:52] Total 3350 files processed
[INFO]-[2019/08/09 00:26:53] Total 3400 files processed
[INFO]-[2019/08/09 00:26:53] Total 3400 files processed
[INFO]-[2019/08/09 00:26:53] Total 3450 files processed
[INFO]-[2019/08/09 00:26:53] Total 3450 files processed
[INFO]-[2019/08/09 00:26:54] Total 3500 files processed
[INFO]-[2019/08/09 00:26:54] Total 3500 files processed
[INFO]-[2019/08/09 00:26:55] Total 3550 files processed
[INFO]-[2019/08/09 00:26:55] Total 3550 files processed
[INFO]-[2019/08/09 00:26:56] Total 3600 files processed
[INFO]-[2019/08/09 00:26:56] Total 3600 files processed
[INFO]-[2019/08/09 00:26:57] Total 3650 files processed
[INFO]-[2019/08/09 00:26:57] Total 3650 files processed
[INFO]-[2019/08/09 00:26:57] Total 3700 files processed
[INFO]-[2019/08/09 00:26:57] Total 3700 files processed
[INFO]-[2019/08/09 00:26:58] Total 3750 files processed
[INFO]-[2019/08/09 00:26:58] Total 3750 files processed
[WARNING]-[2019/08/09 00:26:58] File doesn't exist /var/www/html/
[WARNING]-[2019/08/09 00:26:58] File doesn't exist /var/www/html/
[INFO]-[2019/08/09 00:26:58] Copying files finished
[INFO]-[2019/08/09 00:26:58] Copying files finished
[INFO]-[2019/08/09 00:26:59] Preparing Data Step0: Copy wp-config.php file
[INFO]-[2019/08/09 00:26:59] Preparing Data Step0: Copy wp-config.php file
[INFO]-[2019/08/09 00:26:59] Preparing Data Step1: Updating siteurl and homeurl in wpstg0_options 
[INFO]-[2019/08/09 00:26:59] Preparing Data Step1: Updating siteurl and homeurl to http://localhost:8080/staging
[WARNING]-[2019/08/09 00:26:59] Preparing Data Step1: Skip updating siteurl and homeurl in wpstg0_options. Probably already did! 
[INFO]-[2019/08/09 00:26:59] Preparing Data Step1: Updating siteurl and homeurl in wpstg0_options 
[INFO]-[2019/08/09 00:26:59] Preparing Data Step1: Updating siteurl and homeurl to http://localhost:8080/staging
[WARNING]-[2019/08/09 00:26:59] Preparing Data Step1: Skip updating siteurl and homeurl in wpstg0_options. Probably already did! 
[INFO]-[2019/08/09 00:26:59] Preparing Data Step2: Updating row wpstg_is_staging_site in wpstg0_options 
[INFO]-[2019/08/09 00:26:59] Preparing Data Step2: Successfull
[INFO]-[2019/08/09 00:26:59] Preparing Data Step2: Updating row wpstg_is_staging_site in wpstg0_options 
[INFO]-[2019/08/09 00:26:59] Preparing Data Step2: Successfull
[INFO]-[2019/08/09 00:26:59] Preparing Data Step3: Updating rewrite_rules in wpstg0_options 
[INFO]-[2019/08/09 00:26:59] Preparing Data Step3: Updating rewrite_rules in wpstg0_options 
[INFO]-[2019/08/09 00:26:59] Preparing Data Step4: Updating db prefix in wpstg0_usermeta. 
[INFO]-[2019/08/09 00:26:59] Preparing Data Step4: Updating db prefix in wpstg0_usermeta. 
[INFO]-[2019/08/09 00:26:59] Preparing Data Step5: Updating table_prefix in /var/www/html/staging/wp-config.php to wpstg0_
[INFO]-[2019/08/09 00:26:59] Preparing Data Step5: Updating table_prefix in /var/www/html/staging/wp-config.php to wpstg0_
[]-[] 
[]-[] 
[INFO]-[2019/08/09 00:26:59] Preparing Data Step7: Updating wpstg_rmpermalinks_executed in wpstg0_options 
[INFO]-[2019/08/09 00:26:59] Preparing Data Step7: Finished successfully
[INFO]-[2019/08/09 00:26:59] Preparing Data Step7: Updating wpstg_rmpermalinks_executed in wpstg0_options 
[INFO]-[2019/08/09 00:26:59] Preparing Data Step7: Finished successfully
[INFO]-[2019/08/09 00:26:59] Preparing Data Step8: Updating permalink_structure in wpstg0_options 
[INFO]-[2019/08/09 00:26:59] Preparing Data Step8: Finished successfully
[INFO]-[2019/08/09 00:26:59] Preparing Data Step8: Updating permalink_structure in wpstg0_options 
[INFO]-[2019/08/09 00:26:59] Preparing Data Step8: Finished successfully
[INFO]-[2019/08/09 00:26:59] Preparing Data Step9: Set staging site to noindex
[INFO]-[2019/08/09 00:26:59] Preparing Data Step9: Finished successfully
[INFO]-[2019/08/09 00:26:59] Preparing Data Step9: Set staging site to noindex
[INFO]-[2019/08/09 00:26:59] Preparing Data Step9: Finished successfully
[INFO]-[2019/08/09 00:26:59] Preparing Data Step10: Updating WP_HOME in wp-config.php to http://localhost:8080/staging
[INFO]-[2019/08/09 00:26:59] Preparing Data Step10: WP_HOME not defined in wp-config.php. Skipping this step.
[INFO]-[2019/08/09 00:26:59] Preparing Data Step10: Finished successfully
[INFO]-[2019/08/09 00:26:59] Preparing Data Step10: Updating WP_HOME in wp-config.php to http://localhost:8080/staging
[INFO]-[2019/08/09 00:26:59] Preparing Data Step10: WP_HOME not defined in wp-config.php. Skipping this step.
[INFO]-[2019/08/09 00:26:59] Preparing Data Step10: Finished successfully
[INFO]-[2019/08/09 00:27:00] Preparing Data Step11: Updating WP_SITEURL in wp-config.php to http://localhost:8080/staging
[INFO]-[2019/08/09 00:27:00] Preparing Data Step11: WP_SITEURL not defined in wp-config.php. Skipping this step.
[INFO]-[2019/08/09 00:27:00] Preparing Data Step11: Finished successfully
[INFO]-[2019/08/09 00:27:00] Preparing Data Step11: Updating WP_SITEURL in wp-config.php to http://localhost:8080/staging
[INFO]-[2019/08/09 00:27:00] Preparing Data Step11: WP_SITEURL not defined in wp-config.php. Skipping this step.
[INFO]-[2019/08/09 00:27:00] Preparing Data Step11: Finished successfully
[INFO]-[2019/08/09 00:27:00] Preparing Data Step12: Updating db prefix in wpstg0_options.
[INFO]-[2019/08/09 00:27:00] Preparing Data Step12: Finished successfully
[INFO]-[2019/08/09 00:27:00] Preparing Data Step12: Updating db prefix in wpstg0_options.
[INFO]-[2019/08/09 00:27:00] Preparing Data Step12: Finished successfully
[INFO]-[2019/08/09 00:27:00] Preparing Data Step13: Updating upload_path wpstg0_options.
[INFO]-[2019/08/09 00:27:00] Preparing Data Step13: Skipped
[INFO]-[2019/08/09 00:27:00] Preparing Data Step13: Updating upload_path wpstg0_options.
[INFO]-[2019/08/09 00:27:00] Preparing Data Step13: Skipped
[INFO]-[2019/08/09 00:27:00] Preparing Data Step14: Set WP_CACHE in wp-config.php to false
[INFO]-[2019/08/09 00:27:00] Preparing Data Step14: WP_CACHE not defined in wp-config.php. Skipping this step.
[INFO]-[2019/08/09 00:27:00] Preparing Data Step14: Finished successfully
[INFO]-[2019/08/09 00:27:00] Preparing Data Step14: Set WP_CACHE in wp-config.php to false
[INFO]-[2019/08/09 00:27:00] Preparing Data Step14: WP_CACHE not defined in wp-config.php. Skipping this step.
[INFO]-[2019/08/09 00:27:00] Preparing Data Step14: Finished successfully
[INFO]-[2019/08/09 00:27:00] Preparing Data Step15: Set WP_CONTENT_DIR in wp-config.php to false
[INFO]-[2019/08/09 00:27:00] Preparing Data Step15: WP_CONTENT_DIR not defined in wp-config.php. Skipping this step.
[INFO]-[2019/08/09 00:27:00] Preparing Data Step15: Finished successfully
[INFO]-[2019/08/09 00:27:00] Preparing Data Step15: Set WP_CONTENT_DIR in wp-config.php to false
[INFO]-[2019/08/09 00:27:00] Preparing Data Step15: WP_CONTENT_DIR not defined in wp-config.php. Skipping this step.
[INFO]-[2019/08/09 00:27:00] Preparing Data Step15: Finished successfully
[INFO]-[2019/08/09 00:27:00] Preparing Data Step16: Set WP_CONTENT_URL in wp-config.php to false
[INFO]-[2019/08/09 00:27:00] Preparing Data Step16: WP_CONTENT_URL not defined in wp-config.php. Skipping this step.
[INFO]-[2019/08/09 00:27:00] Preparing Data Step16: Finished successfully
[INFO]-[2019/08/09 00:27:00] Preparing Data Step16: Set WP_CONTENT_URL in wp-config.php to false
[INFO]-[2019/08/09 00:27:00] Preparing Data Step16: WP_CONTENT_URL not defined in wp-config.php. Skipping this step.
[INFO]-[2019/08/09 00:27:00] Preparing Data Step16: Finished successfully
[INFO]-[2019/08/09 00:27:00] Preparing Data Step17: Remove UPLOADS in wp-config.php
[INFO]-[2019/08/09 00:27:00] Preparing Data Step17: UPLOADS not defined in wp-config.php. Skipping this step.
[INFO]-[2019/08/09 00:27:00] Preparing Data Step17: Finished successfully
[INFO]-[2019/08/09 00:27:00] Preparing Data Step17: Remove UPLOADS in wp-config.php
[INFO]-[2019/08/09 00:27:00] Preparing Data Step17: UPLOADS not defined in wp-config.php. Skipping this step.
[INFO]-[2019/08/09 00:27:00] Preparing Data Step17: Finished successfully
[]-[] 
[]-[] 
[INFO]-[2019/08/09 00:27:00] Finish: Deleting clone job's cache files...
[INFO]-[2019/08/09 00:27:00] Finish: Clone job's cache files have been deleted!
[INFO]-[2019/08/09 00:27:00] Finish: Verifying existing clones...
[INFO]-[2019/08/09 00:27:00] Finish: The job finished!
[INFO]-[2019/08/09 00:27:00] Finish: Deleting clone job's cache files...
[INFO]-[2019/08/09 00:27:00] Finish: Clone job's cache files have been deleted!
[INFO]-[2019/08/09 00:27:00] Finish: Verifying existing clones...
[INFO]-[2019/08/09 00:27:00] Finish: The job finished!
